  Stout_Russell_PA2.cpp
c:\codefolder\semester 3\csce 221\stout_russell_pa2\stout_russell_pa2\stout_russell_pa2.cpp(17): error C2953: 'node': class template has already been defined
  c:\codefolder\semester 3\csce 221\stout_russell_pa2\stout_russell_pa2\stout_russell_pa2.cpp(13): note: see declaration of 'node'
c:\codefolder\semester 3\csce 221\stout_russell_pa2\stout_russell_pa2\stout_russell_pa2.cpp(39): error C2953: 'Deque': class template has already been defined
  c:\codefolder\semester 3\csce 221\stout_russell_pa2\stout_russell_pa2\stout_russell_pa2.cpp(21): note: see declaration of 'Deque'
c:\codefolder\semester 3\csce 221\stout_russell_pa2\stout_russell_pa2\stout_russell_pa2.cpp(44): error C2988: unrecognizable template declaration/definition
c:\codefolder\semester 3\csce 221\stout_russell_pa2\stout_russell_pa2\stout_russell_pa2.cpp(44): error C2059: syntax error: ')'
c:\codefolder\semester 3\csce 221\stout_russell_pa2\stout_russell_pa2\stout_russell_pa2.cpp(44): error C2143: syntax error: missing ';' before '{'
c:\codefolder\semester 3\csce 221\stout_russell_pa2\stout_russell_pa2\stout_russell_pa2.cpp(44): error C2447: '{': missing function header (old-style formal list?)
c:\codefolder\semester 3\csce 221\stout_russell_pa2\stout_russell_pa2\stout_russell_pa2.cpp(49): error C2523: '<Unknown>::~Deque': destructor tag mismatch
c:\codefolder\semester 3\csce 221\stout_russell_pa2\stout_russell_pa2\stout_russell_pa2.cpp(49): error C2988: unrecognizable template declaration/definition
c:\codefolder\semester 3\csce 221\stout_russell_pa2\stout_russell_pa2\stout_russell_pa2.cpp(49): error C2059: syntax error: ')'
c:\codefolder\semester 3\csce 221\stout_russell_pa2\stout_russell_pa2\stout_russell_pa2.cpp(49): error C2143: syntax error: missing ';' before '{'
c:\codefolder\semester 3\csce 221\stout_russell_pa2\stout_russell_pa2\stout_russell_pa2.cpp(49): error C2447: '{': missing function header (old-style formal list?)
c:\codefolder\semester 3\csce 221\stout_russell_pa2\stout_russell_pa2\stout_russell_pa2.cpp(66): error C3861: 'siz': identifier not found
c:\codefolder\semester 3\csce 221\stout_russell_pa2\stout_russell_pa2\stout_russell_pa2.cpp(74): error C3861: 'siz': identifier not found
c:\codefolder\semester 3\csce 221\stout_russell_pa2\stout_russell_pa2\stout_russell_pa2.cpp(79): error C3861: 'siz': identifier not found
c:\codefolder\semester 3\csce 221\stout_russell_pa2\stout_russell_pa2\stout_russell_pa2.cpp(83): error C3861: 'head': identifier not found
c:\codefolder\semester 3\csce 221\stout_russell_pa2\stout_russell_pa2\stout_russell_pa2.cpp(88): error C3861: 'siz': identifier not found
c:\codefolder\semester 3\csce 221\stout_russell_pa2\stout_russell_pa2\stout_russell_pa2.cpp(91): error C3861: 'tail': identifier not found
c:\codefolder\semester 3\csce 221\stout_russell_pa2\stout_russell_pa2\stout_russell_pa2.cpp(96): error C2672: 'size': no matching overloaded function found
c:\codefolder\semester 3\csce 221\stout_russell_pa2\stout_russell_pa2\stout_russell_pa2.cpp(110): error C2783: 'int size(void)': could not deduce template argument for 'Type'
  c:\codefolder\semester 3\csce 221\stout_russell_pa2\stout_russell_pa2\stout_russell_pa2.cpp(73): note: see declaration of 'size'
c:\codefolder\semester 3\csce 221\stout_russell_pa2\stout_russell_pa2\stout_russell_pa2.cpp(110): error C2780: 'size_t std::size(const _Ty (&)[_Size]) noexcept': expects 1 arguments - 0 provided
  c:\program files (x86)\microsoft visual studio\2017\community\vc\tools\msvc\14.15.26726\include\xutility(1644): note: see declaration of 'std::size'
c:\codefolder\semester 3\csce 221\stout_russell_pa2\stout_russell_pa2\stout_russell_pa2.cpp(110): error C2780: 'unknown-type std::size(const _Container &)': expects 1 arguments - 0 provided
  c:\program files (x86)\microsoft visual studio\2017\community\vc\tools\msvc\14.15.26726\include\xutility(1636): note: see declaration of 'std::size'
c:\codefolder\semester 3\csce 221\stout_russell_pa2\stout_russell_pa2\stout_russell_pa2.cpp(96): error C2783: 'int size(void)': could not deduce template argument for 'Type'
c:\codefolder\semester 3\csce 221\stout_russell_pa2\stout_russell_pa2\stout_russell_pa2.cpp(96): error C2780: 'size_t std::size(const _Ty (&)[_Size]) noexcept': expects 1 arguments - 0 provided
c:\codefolder\semester 3\csce 221\stout_russell_pa2\stout_russell_pa2\stout_russell_pa2.cpp(96): error C2780: 'unknown-type std::size(const _Container &)': expects 1 arguments - 0 provided
c:\codefolder\semester 3\csce 221\stout_russell_pa2\stout_russell_pa2\stout_russell_pa2.cpp(97): error C3861: 'head': identifier not found
c:\codefolder\semester 3\csce 221\stout_russell_pa2\stout_russell_pa2\stout_russell_pa2.cpp(98): error C3861: 'tail': identifier not found
c:\codefolder\semester 3\csce 221\stout_russell_pa2\stout_russell_pa2\stout_russell_pa2.cpp(99): error C3861: 'siz': identifier not found
c:\codefolder\semester 3\csce 221\stout_russell_pa2\stout_russell_pa2\stout_russell_pa2.cpp(104): error C3861: 'head': identifier not found
c:\codefolder\semester 3\csce 221\stout_russell_pa2\stout_russell_pa2\stout_russell_pa2.cpp(105): error C3861: 'head': identifier not found
c:\codefolder\semester 3\csce 221\stout_russell_pa2\stout_russell_pa2\stout_russell_pa2.cpp(106): error C3861: 'head': identifier not found
c:\codefolder\semester 3\csce 221\stout_russell_pa2\stout_russell_pa2\stout_russell_pa2.cpp(107): error C3861: 'siz': identifier not found
c:\codefolder\semester 3\csce 221\stout_russell_pa2\stout_russell_pa2\stout_russell_pa2.cpp(109): error C3861: 'head': identifier not found
c:\codefolder\semester 3\csce 221\stout_russell_pa2\stout_russell_pa2\stout_russell_pa2.cpp(114): error C2672: 'size': no matching overloaded function found
c:\codefolder\semester 3\csce 221\stout_russell_pa2\stout_russell_pa2\stout_russell_pa2.cpp(128): error C2783: 'int size(void)': could not deduce template argument for 'Type'
  c:\codefolder\semester 3\csce 221\stout_russell_pa2\stout_russell_pa2\stout_russell_pa2.cpp(73): note: see declaration of 'size'
c:\codefolder\semester 3\csce 221\stout_russell_pa2\stout_russell_pa2\stout_russell_pa2.cpp(128): error C2780: 'size_t std::size(const _Ty (&)[_Size]) noexcept': expects 1 arguments - 0 provided
  c:\program files (x86)\microsoft visual studio\2017\community\vc\tools\msvc\14.15.26726\include\xutility(1644): note: see declaration of 'std::size'
c:\codefolder\semester 3\csce 221\stout_russell_pa2\stout_russell_pa2\stout_russell_pa2.cpp(128): error C2780: 'unknown-type std::size(const _Container &)': expects 1 arguments - 0 provided
  c:\program files (x86)\microsoft visual studio\2017\community\vc\tools\msvc\14.15.26726\include\xutility(1636): note: see declaration of 'std::size'
c:\codefolder\semester 3\csce 221\stout_russell_pa2\stout_russell_pa2\stout_russell_pa2.cpp(114): error C2783: 'int size(void)': could not deduce template argument for 'Type'
c:\codefolder\semester 3\csce 221\stout_russell_pa2\stout_russell_pa2\stout_russell_pa2.cpp(114): error C2780: 'size_t std::size(const _Ty (&)[_Size]) noexcept': expects 1 arguments - 0 provided
c:\codefolder\semester 3\csce 221\stout_russell_pa2\stout_russell_pa2\stout_russell_pa2.cpp(114): error C2780: 'unknown-type std::size(const _Container &)': expects 1 arguments - 0 provided
c:\codefolder\semester 3\csce 221\stout_russell_pa2\stout_russell_pa2\stout_russell_pa2.cpp(115): error C3861: 'head': identifier not found
c:\codefolder\semester 3\csce 221\stout_russell_pa2\stout_russell_pa2\stout_russell_pa2.cpp(116): error C3861: 'tail': identifier not found
c:\codefolder\semester 3\csce 221\stout_russell_pa2\stout_russell_pa2\stout_russell_pa2.cpp(117): error C3861: 'siz': identifier not found
c:\codefolder\semester 3\csce 221\stout_russell_pa2\stout_russell_pa2\stout_russell_pa2.cpp(122): error C3861: 'tail': identifier not found
c:\codefolder\semester 3\csce 221\stout_russell_pa2\stout_russell_pa2\stout_russell_pa2.cpp(123): error C3861: 'tail': identifier not found
c:\codefolder\semester 3\csce 221\stout_russell_pa2\stout_russell_pa2\stout_russell_pa2.cpp(124): error C3861: 'tail': identifier not found
c:\codefolder\semester 3\csce 221\stout_russell_pa2\stout_russell_pa2\stout_russell_pa2.cpp(125): error C3861: 'siz': identifier not found
c:\codefolder\semester 3\csce 221\stout_russell_pa2\stout_russell_pa2\stout_russell_pa2.cpp(127): error C3861: 'tail': identifier not found
c:\codefolder\semester 3\csce 221\stout_russell_pa2\stout_russell_pa2\stout_russell_pa2.cpp(132): error C3861: 'siz': identifier not found
c:\codefolder\semester 3\csce 221\stout_russell_pa2\stout_russell_pa2\stout_russell_pa2.cpp(136): error C3861: 'siz': identifier not found
c:\codefolder\semester 3\csce 221\stout_russell_pa2\stout_russell_pa2\stout_russell_pa2.cpp(137): error C3861: 'head': identifier not found
c:\codefolder\semester 3\csce 221\stout_russell_pa2\stout_russell_pa2\stout_russell_pa2.cpp(138): error C3861: 'siz': identifier not found
c:\codefolder\semester 3\csce 221\stout_russell_pa2\stout_russell_pa2\stout_russell_pa2.cpp(142): error C3861: 'head': identifier not found
c:\codefolder\semester 3\csce 221\stout_russell_pa2\stout_russell_pa2\stout_russell_pa2.cpp(143): error C3861: 'head': identifier not found
c:\codefolder\semester 3\csce 221\stout_russell_pa2\stout_russell_pa2\stout_russell_pa2.cpp(144): error C3861: 'siz': identifier not found
c:\codefolder\semester 3\csce 221\stout_russell_pa2\stout_russell_pa2\stout_russell_pa2.cpp(151): error C3861: 'siz': identifier not found
c:\codefolder\semester 3\csce 221\stout_russell_pa2\stout_russell_pa2\stout_russell_pa2.cpp(155): error C3861: 'siz': identifier not found
c:\codefolder\semester 3\csce 221\stout_russell_pa2\stout_russell_pa2\stout_russell_pa2.cpp(156): error C3861: 'tail': identifier not found
c:\codefolder\semester 3\csce 221\stout_russell_pa2\stout_russell_pa2\stout_russell_pa2.cpp(157): error C3861: 'siz': identifier not found
c:\codefolder\semester 3\csce 221\stout_russell_pa2\stout_russell_pa2\stout_russell_pa2.cpp(161): error C3861: 'tail': identifier not found
c:\codefolder\semester 3\csce 221\stout_russell_pa2\stout_russell_pa2\stout_russell_pa2.cpp(162): error C3861: 'tail': identifier not found
c:\codefolder\semester 3\csce 221\stout_russell_pa2\stout_russell_pa2\stout_russell_pa2.cpp(163): error C3861: 'siz': identifier not found
c:\codefolder\semester 3\csce 221\stout_russell_pa2\stout_russell_pa2\stout_russell_pa2.cpp(172): error C2512: 'Deque': no appropriate default constructor available
  c:\codefolder\semester 3\csce 221\stout_russell_pa2\stout_russell_pa2\stout_russell_pa2.cpp(21): note: see declaration of 'Deque'
c:\codefolder\semester 3\csce 221\stout_russell_pa2\stout_russell_pa2\stout_russell_pa2.cpp(174): error C2662: 'bool Deque<Type>::isEmpty(void)': cannot convert 'this' pointer from 'Deque' to 'Deque<Type> &'
  c:\codefolder\semester 3\csce 221\stout_russell_pa2\stout_russell_pa2\stout_russell_pa2.cpp(174): note: Reason: cannot convert from 'Deque' to 'Deque<Type>'
  c:\codefolder\semester 3\csce 221\stout_russell_pa2\stout_russell_pa2\stout_russell_pa2.cpp(174): note: Conversion requires a second user-defined-conversion operator or constructor
c:\codefolder\semester 3\csce 221\stout_russell_pa2\stout_russell_pa2\stout_russell_pa2.cpp(174): warning C4473: 'printf' : not enough arguments passed for format string
  c:\codefolder\semester 3\csce 221\stout_russell_pa2\stout_russell_pa2\stout_russell_pa2.cpp(174): note: placeholders and their parameters expect 1 variadic arguments, but 0 were provided
  c:\codefolder\semester 3\csce 221\stout_russell_pa2\stout_russell_pa2\stout_russell_pa2.cpp(174): note: the missing variadic argument 1 is required by format string '%d'
c:\codefolder\semester 3\csce 221\stout_russell_pa2\stout_russell_pa2\stout_russell_pa2.cpp(175): error C2662: 'void Deque<Type>::insertFirst(Type)': cannot convert 'this' pointer from 'Deque' to 'Deque<Type> &'
  c:\codefolder\semester 3\csce 221\stout_russell_pa2\stout_russell_pa2\stout_russell_pa2.cpp(175): note: Reason: cannot convert from 'Deque' to 'Deque<Type>'
  c:\codefolder\semester 3\csce 221\stout_russell_pa2\stout_russell_pa2\stout_russell_pa2.cpp(175): note: Conversion requires a second user-defined-conversion operator or constructor
c:\codefolder\semester 3\csce 221\stout_russell_pa2\stout_russell_pa2\stout_russell_pa2.cpp(176): error C2662: 'Type Deque<Type>::removeLast(void)': cannot convert 'this' pointer from 'Deque' to 'Deque<Type> &'
  c:\codefolder\semester 3\csce 221\stout_russell_pa2\stout_russell_pa2\stout_russell_pa2.cpp(176): note: Reason: cannot convert from 'Deque' to 'Deque<Type>'
  c:\codefolder\semester 3\csce 221\stout_russell_pa2\stout_russell_pa2\stout_russell_pa2.cpp(176): note: Conversion requires a second user-defined-conversion operator or constructor
c:\codefolder\semester 3\csce 221\stout_russell_pa2\stout_russell_pa2\stout_russell_pa2.cpp(176): warning C4473: 'printf' : not enough arguments passed for format string
  c:\codefolder\semester 3\csce 221\stout_russell_pa2\stout_russell_pa2\stout_russell_pa2.cpp(176): note: placeholders and their parameters expect 1 variadic arguments, but 0 were provided
  c:\codefolder\semester 3\csce 221\stout_russell_pa2\stout_russell_pa2\stout_russell_pa2.cpp(176): note: the missing variadic argument 1 is required by format string '%d'
c:\codefolder\semester 3\csce 221\stout_russell_pa2\stout_russell_pa2\stout_russell_pa2.cpp(177): error C2662: 'void Deque<Type>::insertFirst(Type)': cannot convert 'this' pointer from 'Deque' to 'Deque<Type> &'
  c:\codefolder\semester 3\csce 221\stout_russell_pa2\stout_russell_pa2\stout_russell_pa2.cpp(177): note: Reason: cannot convert from 'Deque' to 'Deque<Type>'
  c:\codefolder\semester 3\csce 221\stout_russell_pa2\stout_russell_pa2\stout_russell_pa2.cpp(177): note: Conversion requires a second user-defined-conversion operator or constructor
c:\codefolder\semester 3\csce 221\stout_russell_pa2\stout_russell_pa2\stout_russell_pa2.cpp(178): error C2662: 'void Deque<Type>::insertFirst(Type)': cannot convert 'this' pointer from 'Deque' to 'Deque<Type> &'
  c:\codefolder\semester 3\csce 221\stout_russell_pa2\stout_russell_pa2\stout_russell_pa2.cpp(178): note: Reason: cannot convert from 'Deque' to 'Deque<Type>'
  c:\codefolder\semester 3\csce 221\stout_russell_pa2\stout_russell_pa2\stout_russell_pa2.cpp(178): note: Conversion requires a second user-defined-conversion operator or constructor
c:\codefolder\semester 3\csce 221\stout_russell_pa2\stout_russell_pa2\stout_russell_pa2.cpp(179): error C2662: 'void Deque<Type>::insertLast(Type)': cannot convert 'this' pointer from 'Deque' to 'Deque<Type> &'
  c:\codefolder\semester 3\csce 221\stout_russell_pa2\stout_russell_pa2\stout_russell_pa2.cpp(179): note: Reason: cannot convert from 'Deque' to 'Deque<Type>'
  c:\codefolder\semester 3\csce 221\stout_russell_pa2\stout_russell_pa2\stout_russell_pa2.cpp(179): note: Conversion requires a second user-defined-conversion operator or constructor
c:\codefolder\semester 3\csce 221\stout_russell_pa2\stout_russell_pa2\stout_russell_pa2.cpp(180): error C2662: 'void Deque<Type>::insertLast(Type)': cannot convert 'this' pointer from 'Deque' to 'Deque<Type> &'
  c:\codefolder\semester 3\csce 221\stout_russell_pa2\stout_russell_pa2\stout_russell_pa2.cpp(180): note: Reason: cannot convert from 'Deque' to 'Deque<Type>'
  c:\codefolder\semester 3\csce 221\stout_russell_pa2\stout_russell_pa2\stout_russell_pa2.cpp(180): note: Conversion requires a second user-defined-conversion operator or constructor
c:\codefolder\semester 3\csce 221\stout_russell_pa2\stout_russell_pa2\stout_russell_pa2.cpp(181): error C2662: 'Type Deque<Type>::first(void)': cannot convert 'this' pointer from 'Deque' to 'Deque<Type> &'
  c:\codefolder\semester 3\csce 221\stout_russell_pa2\stout_russell_pa2\stout_russell_pa2.cpp(181): note: Reason: cannot convert from 'Deque' to 'Deque<Type>'
  c:\codefolder\semester 3\csce 221\stout_russell_pa2\stout_russell_pa2\stout_russell_pa2.cpp(181): note: Conversion requires a second user-defined-conversion operator or constructor
c:\codefolder\semester 3\csce 221\stout_russell_pa2\stout_russell_pa2\stout_russell_pa2.cpp(181): warning C4473: 'printf' : not enough arguments passed for format string
  c:\codefolder\semester 3\csce 221\stout_russell_pa2\stout_russell_pa2\stout_russell_pa2.cpp(181): note: placeholders and their parameters expect 1 variadic arguments, but 0 were provided
  c:\codefolder\semester 3\csce 221\stout_russell_pa2\stout_russell_pa2\stout_russell_pa2.cpp(181): note: the missing variadic argument 1 is required by format string '%d'
c:\codefolder\semester 3\csce 221\stout_russell_pa2\stout_russell_pa2\stout_russell_pa2.cpp(182): error C2662: 'Type Deque<Type>::last(void)': cannot convert 'this' pointer from 'Deque' to 'Deque<Type> &'
  c:\codefolder\semester 3\csce 221\stout_russell_pa2\stout_russell_pa2\stout_russell_pa2.cpp(182): note: Reason: cannot convert from 'Deque' to 'Deque<Type>'
  c:\codefolder\semester 3\csce 221\stout_russell_pa2\stout_russell_pa2\stout_russell_pa2.cpp(182): note: Conversion requires a second user-defined-conversion operator or constructor
c:\codefolder\semester 3\csce 221\stout_russell_pa2\stout_russell_pa2\stout_russell_pa2.cpp(182): warning C4473: 'printf' : not enough arguments passed for format string
  c:\codefolder\semester 3\csce 221\stout_russell_pa2\stout_russell_pa2\stout_russell_pa2.cpp(182): note: placeholders and their parameters expect 1 variadic arguments, but 0 were provided
  c:\codefolder\semester 3\csce 221\stout_russell_pa2\stout_russell_pa2\stout_russell_pa2.cpp(182): note: the missing variadic argument 1 is required by format string '%d'
c:\codefolder\semester 3\csce 221\stout_russell_pa2\stout_russell_pa2\stout_russell_pa2.cpp(183): error C2662: 'int Deque<Type>::size(void)': cannot convert 'this' pointer from 'Deque' to 'Deque<Type> &'
  c:\codefolder\semester 3\csce 221\stout_russell_pa2\stout_russell_pa2\stout_russell_pa2.cpp(183): note: Reason: cannot convert from 'Deque' to 'Deque<Type>'
  c:\codefolder\semester 3\csce 221\stout_russell_pa2\stout_russell_pa2\stout_russell_pa2.cpp(183): note: Conversion requires a second user-defined-conversion operator or constructor
c:\codefolder\semester 3\csce 221\stout_russell_pa2\stout_russell_pa2\stout_russell_pa2.cpp(183): warning C4473: 'printf' : not enough arguments passed for format string
  c:\codefolder\semester 3\csce 221\stout_russell_pa2\stout_russell_pa2\stout_russell_pa2.cpp(183): note: placeholders and their parameters expect 1 variadic arguments, but 0 were provided
  c:\codefolder\semester 3\csce 221\stout_russell_pa2\stout_russell_pa2\stout_russell_pa2.cpp(183): note: the missing variadic argument 1 is required by format string '%d'
c:\codefolder\semester 3\csce 221\stout_russell_pa2\stout_russell_pa2\stout_russell_pa2.cpp(184): error C2662: 'bool Deque<Type>::isEmpty(void)': cannot convert 'this' pointer from 'Deque' to 'Deque<Type> &'
  c:\codefolder\semester 3\csce 221\stout_russell_pa2\stout_russell_pa2\stout_russell_pa2.cpp(184): note: Reason: cannot convert from 'Deque' to 'Deque<Type>'
  c:\codefolder\semester 3\csce 221\stout_russell_pa2\stout_russell_pa2\stout_russell_pa2.cpp(184): note: Conversion requires a second user-defined-conversion operator or constructor
c:\codefolder\semester 3\csce 221\stout_russell_pa2\stout_russell_pa2\stout_russell_pa2.cpp(184): warning C4473: 'printf' : not enough arguments passed for format string
  c:\codefolder\semester 3\csce 221\stout_russell_pa2\stout_russell_pa2\stout_russell_pa2.cpp(184): note: placeholders and their parameters expect 1 variadic arguments, but 0 were provided
  c:\codefolder\semester 3\csce 221\stout_russell_pa2\stout_russell_pa2\stout_russell_pa2.cpp(184): note: the missing variadic argument 1 is required by format string '%d'
c:\codefolder\semester 3\csce 221\stout_russell_pa2\stout_russell_pa2\stout_russell_pa2.cpp(185): error C2662: 'Type Deque<Type>::removeLast(void)': cannot convert 'this' pointer from 'Deque' to 'Deque<Type> &'
  c:\codefolder\semester 3\csce 221\stout_russell_pa2\stout_russell_pa2\stout_russell_pa2.cpp(185): note: Reason: cannot convert from 'Deque' to 'Deque<Type>'
  c:\codefolder\semester 3\csce 221\stout_russell_pa2\stout_russell_pa2\stout_russell_pa2.cpp(185): note: Conversion requires a second user-defined-conversion operator or constructor
c:\codefolder\semester 3\csce 221\stout_russell_pa2\stout_russell_pa2\stout_russell_pa2.cpp(185): warning C4473: 'printf' : not enough arguments passed for format string
  c:\codefolder\semester 3\csce 221\stout_russell_pa2\stout_russell_pa2\stout_russell_pa2.cpp(185): note: placeholders and their parameters expect 1 variadic arguments, but 0 were provided
  c:\codefolder\semester 3\csce 221\stout_russell_pa2\stout_russell_pa2\stout_russell_pa2.cpp(185): note: the missing variadic argument 1 is required by format string '%d'
c:\codefolder\semester 3\csce 221\stout_russell_pa2\stout_russell_pa2\stout_russell_pa2.cpp(186): error C2662: 'Type Deque<Type>::removeLast(void)': cannot convert 'this' pointer from 'Deque' to 'Deque<Type> &'
  c:\codefolder\semester 3\csce 221\stout_russell_pa2\stout_russell_pa2\stout_russell_pa2.cpp(186): note: Reason: cannot convert from 'Deque' to 'Deque<Type>'
  c:\codefolder\semester 3\csce 221\stout_russell_pa2\stout_russell_pa2\stout_russell_pa2.cpp(186): note: Conversion requires a second user-defined-conversion operator or constructor
c:\codefolder\semester 3\csce 221\stout_russell_pa2\stout_russell_pa2\stout_russell_pa2.cpp(186): warning C4473: 'printf' : not enough arguments passed for format string
  c:\codefolder\semester 3\csce 221\stout_russell_pa2\stout_russell_pa2\stout_russell_pa2.cpp(186): note: placeholders and their parameters expect 1 variadic arguments, but 0 were provided
  c:\codefolder\semester 3\csce 221\stout_russell_pa2\stout_russell_pa2\stout_russell_pa2.cpp(186): note: the missing variadic argument 1 is required by format string '%d'
c:\codefolder\semester 3\csce 221\stout_russell_pa2\stout_russell_pa2\stout_russell_pa2.cpp(187): error C2662: 'Type Deque<Type>::removeLast(void)': cannot convert 'this' pointer from 'Deque' to 'Deque<Type> &'
  c:\codefolder\semester 3\csce 221\stout_russell_pa2\stout_russell_pa2\stout_russell_pa2.cpp(187): note: Reason: cannot convert from 'Deque' to 'Deque<Type>'
  c:\codefolder\semester 3\csce 221\stout_russell_pa2\stout_russell_pa2\stout_russell_pa2.cpp(187): note: Conversion requires a second user-defined-conversion operator or constructor
c:\codefolder\semester 3\csce 221\stout_russell_pa2\stout_russell_pa2\stout_russell_pa2.cpp(187): warning C4473: 'printf' : not enough arguments passed for format string
  c:\codefolder\semester 3\csce 221\stout_russell_pa2\stout_russell_pa2\stout_russell_pa2.cpp(187): note: placeholders and their parameters expect 1 variadic arguments, but 0 were provided
  c:\codefolder\semester 3\csce 221\stout_russell_pa2\stout_russell_pa2\stout_russell_pa2.cpp(187): note: the missing variadic argument 1 is required by format string '%d'
c:\codefolder\semester 3\csce 221\stout_russell_pa2\stout_russell_pa2\stout_russell_pa2.cpp(188): error C2662: 'Type Deque<Type>::removeFirst(void)': cannot convert 'this' pointer from 'Deque' to 'Deque<Type> &'
  c:\codefolder\semester 3\csce 221\stout_russell_pa2\stout_russell_pa2\stout_russell_pa2.cpp(188): note: Reason: cannot convert from 'Deque' to 'Deque<Type>'
  c:\codefolder\semester 3\csce 221\stout_russell_pa2\stout_russell_pa2\stout_russell_pa2.cpp(188): note: Conversion requires a second user-defined-conversion operator or constructor
c:\codefolder\semester 3\csce 221\stout_russell_pa2\stout_russell_pa2\stout_russell_pa2.cpp(188): warning C4473: 'printf' : not enough arguments passed for format string
  c:\codefolder\semester 3\csce 221\stout_russell_pa2\stout_russell_pa2\stout_russell_pa2.cpp(188): note: placeholders and their parameters expect 1 variadic arguments, but 0 were provided
  c:\codefolder\semester 3\csce 221\stout_russell_pa2\stout_russell_pa2\stout_russell_pa2.cpp(188): note: the missing variadic argument 1 is required by format string '%d'
c:\codefolder\semester 3\csce 221\stout_russell_pa2\stout_russell_pa2\stout_russell_pa2.cpp(189): error C2662: 'int Deque<Type>::size(void)': cannot convert 'this' pointer from 'Deque' to 'Deque<Type> &'
  c:\codefolder\semester 3\csce 221\stout_russell_pa2\stout_russell_pa2\stout_russell_pa2.cpp(189): note: Reason: cannot convert from 'Deque' to 'Deque<Type>'
  c:\codefolder\semester 3\csce 221\stout_russell_pa2\stout_russell_pa2\stout_russell_pa2.cpp(189): note: Conversion requires a second user-defined-conversion operator or constructor
c:\codefolder\semester 3\csce 221\stout_russell_pa2\stout_russell_pa2\stout_russell_pa2.cpp(189): warning C4473: 'printf' : not enough arguments passed for format string
  c:\codefolder\semester 3\csce 221\stout_russell_pa2\stout_russell_pa2\stout_russell_pa2.cpp(189): note: placeholders and their parameters expect 1 variadic arguments, but 0 were provided
  c:\codefolder\semester 3\csce 221\stout_russell_pa2\stout_russell_pa2\stout_russell_pa2.cpp(189): note: the missing variadic argument 1 is required by format string '%d'
c:\codefolder\semester 3\csce 221\stout_russell_pa2\stout_russell_pa2\stout_russell_pa2.cpp(190): error C2662: 'bool Deque<Type>::isEmpty(void)': cannot convert 'this' pointer from 'Deque' to 'Deque<Type> &'
  c:\codefolder\semester 3\csce 221\stout_russell_pa2\stout_russell_pa2\stout_russell_pa2.cpp(190): note: Reason: cannot convert from 'Deque' to 'Deque<Type>'
  c:\codefolder\semester 3\csce 221\stout_russell_pa2\stout_russell_pa2\stout_russell_pa2.cpp(190): note: Conversion requires a second user-defined-conversion operator or constructor
c:\codefolder\semester 3\csce 221\stout_russell_pa2\stout_russell_pa2\stout_russell_pa2.cpp(190): warning C4473: 'printf' : not enough arguments passed for format string
  c:\codefolder\semester 3\csce 221\stout_russell_pa2\stout_russell_pa2\stout_russell_pa2.cpp(190): note: placeholders and their parameters expect 1 variadic arguments, but 0 were provided
  c:\codefolder\semester 3\csce 221\stout_russell_pa2\stout_russell_pa2\stout_russell_pa2.cpp(190): note: the missing variadic argument 1 is required by format string '%d'
